12:54:13.638 [main] INFO  TestCases.TC_003_Hotels - selecting the hr 
12:54:17.064 [main] INFO  TestCases.TC_003_Hotels - selecting the min 
12:54:20.472 [main] INFO  TestCases.TC_003_Hotels - clicking on the apply btn
12:54:23.867 [main] INFO  TestCases.TC_003_Hotels - clicking on the search btn
12:54:30.934 [main] INFO  TestCases.TC_003_Hotels - clickig on the arrow btn
12:54:34.234 [main] INFO  TestCases.TC_003_Hotels - selecting the price ltoh option
12:54:37.546 [main] INFO  TestCases.TC_003_Hotels - selecting the suv 
13:05:45.081 [main] INFO  TestCases.TC_003_Hotels - ***** Starting of the TC_001_Displaylowestcabtest ******
13:05:50.105 [main] INFO  TestCases.TC_003_Hotels - click in the city input box
13:05:50.746 [main] INFO  TestCases.TC_003_Hotels - inputing the city
13:05:54.242 [main] INFO  TestCases.TC_003_Hotels - setting delhi as input city
13:05:57.640 [main] INFO  TestCases.TC_003_Hotels - putting manali as destination 
13:06:00.967 [main] INFO  TestCases.TC_003_Hotels - clicking on the manali
13:06:04.335 [main] INFO  TestCases.TC_003_Hotels - clicking on the calender option
13:06:04.784 [main] INFO  TestCases.TC_003_Hotels - date selecting
13:06:18.740 [main] INFO  TestCases.TC_003_Hotels - clicking on the time input box
13:06:23.555 [main] INFO  TestCases.TC_003_Hotels - selecting the hr 
13:06:27.870 [main] INFO  TestCases.TC_003_Hotels - selecting the min 
13:06:32.118 [main] INFO  TestCases.TC_003_Hotels - clicking on the apply btn
13:06:35.955 [main] INFO  TestCases.TC_003_Hotels - clicking on the search btn
13:06:40.980 [main] INFO  TestCases.TC_003_Hotels - clickig on the arrow btn
13:08:27.604 [main] INFO  TestCases.TC_003_Hotels - ***** Starting of the TC_001_Displaylowestcabtest ******
13:08:32.645 [main] INFO  TestCases.TC_003_Hotels - click in the city input box
13:08:33.560 [main] INFO  TestCases.TC_003_Hotels - inputing the city
13:08:37.186 [main] INFO  TestCases.TC_003_Hotels - setting delhi as input city
13:08:40.610 [main] INFO  TestCases.TC_003_Hotels - putting manali as destination 
13:08:43.848 [main] INFO  TestCases.TC_003_Hotels - clicking on the manali
13:08:47.193 [main] INFO  TestCases.TC_003_Hotels - clicking on the calender option
13:08:47.505 [main] INFO  TestCases.TC_003_Hotels - date selecting
13:08:54.409 [main] INFO  TestCases.TC_003_Hotels - clicking on the time input box
13:08:58.389 [main] INFO  TestCases.TC_003_Hotels - selecting the hr 
13:09:01.817 [main] INFO  TestCases.TC_003_Hotels - selecting the min 
13:09:05.180 [main] INFO  TestCases.TC_003_Hotels - clicking on the apply btn
13:09:08.552 [main] INFO  TestCases.TC_003_Hotels - clicking on the search btn
13:09:15.760 [main] INFO  TestCases.TC_003_Hotels - clickig on the arrow btn
13:09:19.103 [main] INFO  TestCases.TC_003_Hotels - selecting the price ltoh option
13:09:22.403 [main] INFO  TestCases.TC_003_Hotels - selecting the suv 
16:10:45.208 [main] INFO  TestCases.TC_003_Hotels - ***** Starting of the TC_001_Displaylowestcabtest ******
16:10:50.224 [main] INFO  TestCases.TC_003_Hotels - click in the city input box
16:10:50.610 [main] INFO  TestCases.TC_003_Hotels - inputing the city
16:10:54.127 [main] INFO  TestCases.TC_003_Hotels - setting delhi as input city
16:10:57.435 [main] INFO  TestCases.TC_003_Hotels - putting manali as destination 
16:11:00.656 [main] INFO  TestCases.TC_003_Hotels - clicking on the manali
16:11:03.921 [main] INFO  TestCases.TC_003_Hotels - clicking on the calender option
16:11:04.273 [main] INFO  TestCases.TC_003_Hotels - date selecting
16:11:11.027 [main] INFO  TestCases.TC_003_Hotels - clicking on the time input box
16:11:14.463 [main] INFO  TestCases.TC_003_Hotels - selecting the hr 
16:11:17.787 [main] INFO  TestCases.TC_003_Hotels - selecting the min 
16:11:21.134 [main] INFO  TestCases.TC_003_Hotels - clicking on the apply btn
16:11:24.438 [main] INFO  TestCases.TC_003_Hotels - clicking on the search btn
16:11:31.099 [main] INFO  TestCases.TC_003_Hotels - clickig on the arrow btn
16:11:35.405 [main] INFO  TestCases.TC_003_Hotels - selecting the price ltoh option
16:11:38.684 [main] INFO  TestCases.TC_003_Hotels - selecting the suv 
16:35:42.827 [main] INFO  TestCases.TC_003_Hotels - ***** Starting of the TC_001_Displaylowestcabtest ******
16:35:47.860 [main] INFO  TestCases.TC_003_Hotels - click in the city input box
16:37:01.308 [main] INFO  TestCases.TC_003_Hotels - ***** Starting of the TC_001_Displaylowestcabtest ******
16:37:06.332 [main] INFO  TestCases.TC_003_Hotels - click in the city input box
16:37:06.698 [main] INFO  TestCases.TC_003_Hotels - inputing the city
16:37:10.182 [main] INFO  TestCases.TC_003_Hotels - setting delhi as input city
16:37:13.440 [main] INFO  TestCases.TC_003_Hotels - putting manali as destination 
16:37:16.624 [main] INFO  TestCases.TC_003_Hotels - clicking on the manali
16:37:19.952 [main] INFO  TestCases.TC_003_Hotels - clicking on the calender option
16:37:20.245 [main] INFO  TestCases.TC_003_Hotels - date selecting
